<?xml version="1.0" encoding="UTF-8"?>
<coverage generated="1585463289964" clover="3.2.0">
  <project timestamp="1585463289964" name="All files">
    <metrics statements="34" coveredstatements="34" conditionals="7" coveredconditionals="7" methods="5" coveredmethods="5" elements="46" coveredelements="46" complexity="0" loc="34" ncloc="34" packages="2" files="4" classes="4"/>
    <package name="dynamo-lambda">
      <metrics statements="27" coveredstatements="27" conditionals="7" coveredconditionals="7" methods="3" coveredmethods="3"/>
      <file name="createUser.js" path="/Users/rossthomson/Documents/dynamo-lambda/createUser.js">
        <metrics statements="18" coveredstatements="18" conditionals="7" coveredconditionals="7" methods="1" coveredmethods="1"/>
        <line num="3" count="1" type="stmt"/>
        <line num="4" count="1" type="stmt"/>
        <line num="6" count="1" type="stmt"/>
        <line num="7" count="1" type="stmt"/>
        <line num="9" count="1" type="stmt"/>
        <line num="11" count="1" type="stmt"/>
        <line num="12" count="8" type="stmt"/>
        <line num="13" count="8" type="stmt"/>
        <line num="14" count="8" type="stmt"/>
        <line num="16" count="8" type="cond" truecount="7" falsecount="0"/>
        <line num="17" count="5" type="stmt"/>
        <line num="20" count="3" type="stmt"/>
        <line num="22" count="2" type="stmt"/>
        <line num="23" count="2" type="stmt"/>
        <line num="35" count="2" type="stmt"/>
        <line num="37" count="1" type="stmt"/>
        <line num="47" count="1" type="stmt"/>
        <line num="49" count="7" type="stmt"/>
      </file>
      <file name="listUsers.js" path="/Users/rossthomson/Documents/dynamo-lambda/listUsers.js">
        <metrics statements="9" coveredstatements="9" conditionals="0" coveredconditionals="0" methods="2" coveredmethods="2"/>
        <line num="1" count="1" type="stmt"/>
        <line num="3" count="1" type="stmt"/>
        <line num="5" count="1" type="stmt"/>
        <line num="7" count="1" type="stmt"/>
        <line num="8" count="2" type="stmt"/>
        <line num="12" count="2" type="stmt"/>
        <line num="15" count="1" type="stmt"/>
        <line num="17" count="2" type="stmt"/>
        <line num="28" count="2" type="stmt"/>
      </file>
    </package>
    <package name="dynamo-lambda.utils">
      <metrics statements="7" coveredstatements="7" conditionals="0" coveredconditionals="0" methods="2" coveredmethods="2"/>
      <file name="encryptUserCredentials.js" path="/Users/rossthomson/Documents/dynamo-lambda/utils/encryptUserCredentials.js">
        <metrics statements="5" coveredstatements="5" conditionals="0" coveredconditionals="0" methods="1" coveredmethods="1"/>
        <line num="1" count="1" type="stmt"/>
        <line num="3" count="1" type="stmt"/>
        <line num="6" count="1" type="stmt"/>
        <line num="11" count="1" type="stmt"/>
        <line num="14" count="1" type="stmt"/>
      </file>
      <file name="errorResponse.js" path="/Users/rossthomson/Documents/dynamo-lambda/utils/errorResponse.js">
        <metrics statements="2" coveredstatements="2" conditionals="0" coveredconditionals="0" methods="1" coveredmethods="1"/>
        <line num="2" count="9" type="stmt"/>
        <line num="14" count="3" type="stmt"/>
      </file>
    </package>
  </project>
</coverage>
