{"/Users/rossthomson/Documents/dynamo-lambda/createUser.js": {"path":"/Users/rossthomson/Documents/dynamo-lambda/createUser.js","statementMap":{"0":{"start":{"line":3,"column":13},"end":{"line":3,"column":28}},"1":{"start":{"line":4,"column":12},"end":{"line":4,"column":30}},"2":{"start":{"line":6,"column":31},"end":{"line":6,"column":72}},"3":{"start":{"line":7,"column":22},"end":{"line":7,"column":54}},"4":{"start":{"line":9,"column":12},"end":{"line":9,"column":45}},"5":{"start":{"line":11,"column":0},"end":{"line":51,"column":2}},"6":{"start":{"line":12,"column":2},"end":{"line":50,"column":3}},"7":{"start":{"line":13,"column":24},"end":{"line":13,"column":46}},"8":{"start":{"line":14,"column":66},"end":{"line":14,"column":77}},"9":{"start":{"line":16,"column":4},"end":{"line":18,"column":5}},"10":{"start":{"line":17,"column":6},"end":{"line":17,"column":44}},"11":{"start":{"line":20,"column":31},"end":{"line":20,"column":72}},"12":{"start":{"line":22,"column":15},"end":{"line":22,"column":24}},"13":{"start":{"line":23,"column":19},"end":{"line":33,"column":5}},"14":{"start":{"line":35,"column":4},"end":{"line":35,"column":36}},"15":{"start":{"line":37,"column":21},"end":{"line":45,"column":5}},"16":{"start":{"line":47,"column":4},"end":{"line":47,"column":29}},"17":{"start":{"line":49,"column":4},"end":{"line":49,"column":63}}},"fnMap":{"0":{"name":"(anonymous_0)","decl":{"start":{"line":11,"column":25},"end":{"line":11,"column":26}},"loc":{"start":{"line":11,"column":61},"end":{"line":51,"column":1}},"line":11}},"branchMap":{"0":{"loc":{"start":{"line":16,"column":4},"end":{"line":18,"column":5}},"type":"if","locations":[{"start":{"line":16,"column":4},"end":{"line":18,"column":5}},{"start":{"line":16,"column":4},"end":{"line":18,"column":5}}],"line":16},"1":{"loc":{"start":{"line":16,"column":8},"end":{"line":16,"column":70}},"type":"binary-expr","locations":[{"start":{"line":16,"column":8},"end":{"line":16,"column":18}},{"start":{"line":16,"column":22},"end":{"line":16,"column":31}},{"start":{"line":16,"column":35},"end":{"line":16,"column":44}},{"start":{"line":16,"column":48},"end":{"line":16,"column":60}},{"start":{"line":16,"column":64},"end":{"line":16,"column":70}}],"line":16}},"s":{"0":1,"1":1,"2":1,"3":1,"4":1,"5":1,"6":8,"7":8,"8":8,"9":8,"10":5,"11":3,"12":2,"13":2,"14":2,"15":1,"16":1,"17":7},"f":{"0":8},"b":{"0":[5,3],"1":[8,7,5,4,3]},"_coverageSchema":"1a1c01bbd47fc00a2c39e90264f33305004495a9","hash":"df4688171b76e0a6ac6741d55aa3512a08ba2a90"}
,"/Users/rossthomson/Documents/dynamo-lambda/listUsers.js": {"path":"/Users/rossthomson/Documents/dynamo-lambda/listUsers.js","statementMap":{"0":{"start":{"line":1,"column":12},"end":{"line":1,"column":30}},"1":{"start":{"line":3,"column":22},"end":{"line":3,"column":54}},"2":{"start":{"line":5,"column":12},"end":{"line":5,"column":45}},"3":{"start":{"line":7,"column":0},"end":{"line":29,"column":2}},"4":{"start":{"line":8,"column":17},"end":{"line":11,"column":3}},"5":{"start":{"line":12,"column":15},"end":{"line":15,"column":77}},"6":{"start":{"line":15,"column":18},"end":{"line":15,"column":76}},"7":{"start":{"line":17,"column":19},"end":{"line":26,"column":3}},"8":{"start":{"line":28,"column":2},"end":{"line":28,"column":27}}},"fnMap":{"0":{"name":"(anonymous_0)","decl":{"start":{"line":7,"column":25},"end":{"line":7,"column":26}},"loc":{"start":{"line":7,"column":61},"end":{"line":29,"column":1}},"line":7},"1":{"name":"(anonymous_1)","decl":{"start":{"line":15,"column":11},"end":{"line":15,"column":12}},"loc":{"start":{"line":15,"column":18},"end":{"line":15,"column":76}},"line":15}},"branchMap":{},"s":{"0":1,"1":1,"2":1,"3":1,"4":2,"5":2,"6":1,"7":2,"8":2},"f":{"0":2,"1":1},"b":{},"_coverageSchema":"1a1c01bbd47fc00a2c39e90264f33305004495a9","hash":"741b49227e880298c54c8c1f2cf0f397ebf06c60"}
,"/Users/rossthomson/Documents/dynamo-lambda/utils/encryptUserCredentials.js": {"path":"/Users/rossthomson/Documents/dynamo-lambda/utils/encryptUserCredentials.js","statementMap":{"0":{"start":{"line":1,"column":12},"end":{"line":1,"column":30}},"1":{"start":{"line":3,"column":12},"end":{"line":3,"column":25}},"2":{"start":{"line":6,"column":17},"end":{"line":9,"column":3}},"3":{"start":{"line":11,"column":2},"end":{"line":11,"column":39}},"4":{"start":{"line":14,"column":0},"end":{"line":14,"column":40}}},"fnMap":{"0":{"name":"encryptUserCredentials","decl":{"start":{"line":5,"column":9},"end":{"line":5,"column":31}},"loc":{"start":{"line":5,"column":45},"end":{"line":12,"column":1}},"line":5}},"branchMap":{},"s":{"0":1,"1":1,"2":1,"3":1,"4":1},"f":{"0":1},"b":{},"_coverageSchema":"1a1c01bbd47fc00a2c39e90264f33305004495a9","hash":"b2d2bc161f965143821707e5bccfff24a7d5dff1"}
,"/Users/rossthomson/Documents/dynamo-lambda/utils/errorResponse.js": {"path":"/Users/rossthomson/Documents/dynamo-lambda/utils/errorResponse.js","statementMap":{"0":{"start":{"line":2,"column":2},"end":{"line":11,"column":5}},"1":{"start":{"line":14,"column":0},"end":{"line":14,"column":31}}},"fnMap":{"0":{"name":"errorResponse","decl":{"start":{"line":1,"column":9},"end":{"line":1,"column":22}},"loc":{"start":{"line":1,"column":61},"end":{"line":12,"column":1}},"line":1}},"branchMap":{},"s":{"0":9,"1":3},"f":{"0":9},"b":{},"_coverageSchema":"1a1c01bbd47fc00a2c39e90264f33305004495a9","hash":"d0d06c7cbbb8bd2ff59423f893b46ca53d4c7718"}
}
