TN:
SF:createUser.js
FN:11,(anonymous_0)
FNF:1
FNH:1
FNDA:8,(anonymous_0)
DA:3,1
DA:4,1
DA:6,1
DA:7,1
DA:9,1
DA:11,1
DA:12,8
DA:13,8
DA:14,8
DA:16,8
DA:17,5
DA:20,3
DA:22,2
DA:23,2
DA:35,2
DA:37,1
DA:47,1
DA:49,7
LF:18
LH:18
BRDA:16,0,0,5
BRDA:16,0,1,3
BRDA:16,1,0,8
BRDA:16,1,1,7
BRDA:16,1,2,5
BRDA:16,1,3,4
BRDA:16,1,4,3
BRF:7
BRH:7
end_of_record
TN:
SF:listUsers.js
FN:7,(anonymous_0)
FN:15,(anonymous_1)
FNF:2
FNH:2
FNDA:2,(anonymous_0)
FNDA:1,(anonymous_1)
DA:1,1
DA:3,1
DA:5,1
DA:7,1
DA:8,2
DA:12,2
DA:15,1
DA:17,2
DA:28,2
LF:9
LH:9
BRF:0
BRH:0
end_of_record
TN:
SF:utils/encryptUserCredentials.js
FN:5,encryptUserCredentials
FNF:1
FNH:1
FNDA:1,encryptUserCredentials
DA:1,1
DA:3,1
DA:6,1
DA:11,1
DA:14,1
LF:5
LH:5
BRF:0
BRH:0
end_of_record
TN:
SF:utils/errorResponse.js
FN:1,errorResponse
FNF:1
FNH:1
FNDA:9,errorResponse
DA:2,9
DA:14,3
LF:2
LH:2
BRF:0
BRH:0
end_of_record
